<?xml version="1.0" encoding="UTF-8"?>
<!-- Generated by org.testng.reporters.JUnitReportReporter -->
<testsuite skipped="0" hostname="DESKTOP-1JCO6M7" name="com.zohocrm.testcases.VerifyZohoDeskTC" tests="1" failures="0" timestamp="04 Aug 2019 05:14:12 GMT" time="0.097" errors="0">
  <testcase name="VerifyZohoDeskTestCase" time="0.097" classname="com.zohocrm.testcases.VerifyZohoDeskTC"/>
</testsuite> <!-- com.zohocrm.testcases.VerifyZohoDeskTC -->
