<?xml version="1.0" encoding="UTF-8"?>
<!-- Generated by org.testng.reporters.JUnitReportReporter -->
<testsuite skipped="0" hostname="DESKTOP-1JCO6M7" name="com.zohocrm.testcases.CreateAccountTC" tests="1" failures="0" timestamp="10 Aug 2019 06:20:34 GMT" time="17.548" errors="0">
  <testcase name="CreateAccountTestCase" time="17.548" classname="com.zohocrm.testcases.CreateAccountTC"/>
</testsuite> <!-- com.zohocrm.testcases.CreateAccountTC -->
