<?xml version="1.0" encoding="UTF-8"?>
<!-- Generated by org.testng.reporters.JUnitReportReporter -->
<testsuite skipped="0" hostname="DESKTOP-1JCO6M7" name="com.zohocrm.testcases.ZohoCrmLoginTC" tests="1" failures="0" timestamp="04 Aug 2019 05:14:12 GMT" time="0.110" errors="0">
  <testcase name="ZohoCrmLoginTestCase" time="0.110" classname="com.zohocrm.testcases.ZohoCrmLoginTC"/>
</testsuite> <!-- com.zohocrm.testcases.ZohoCrmLoginTC -->
